<?xml version="1.0" encoding="UTF-8" ?>
<testsuite tests="3" failures="0" name="PronosticosCsv.TestPronosticosCsv" time="0.004" errors="0" skipped="0">
  <properties>
[...]
</properties>
  <testcase classname="PronosticosCsv.TestPronosticosCsv" name="testComprobarOrigenPuntos" time="0.004"/>
  <testcase classname="PronosticosCsv.TestPronosticosCsv" name="testCargarPuntosSinJugadores" time="0"/>
  <testcase classname="PronosticosCsv.TestPronosticosCsv" name="compruebaTipoDatos" time="0"/>
</testsuite>